Symbol range map extraction starting
Processing 27 files
startProcessing "de/maltesermailo/tigmod/ChangeModeMessage.java" md5: 5f6ece36eccb506428317b3baccbc892
Cache Hit!
endProcessing "de/maltesermailo/tigmod/ChangeModeMessage.java"

startProcessing "de/maltesermailo/tigmod/ChangeModeMessageHandler.java" md5: 69a0d3718bf63a79fdb5ffd359c55aa8
Cache Hit!
endProcessing "de/maltesermailo/tigmod/ChangeModeMessageHandler.java"

startProcessing "de/maltesermailo/tigmod/ConfigTIGMod.java" md5: ede26360f2dafe9683fe283573bb8087
Cache Hit!
endProcessing "de/maltesermailo/tigmod/ConfigTIGMod.java"

startProcessing "de/maltesermailo/tigmod/TIGMod.java" md5: 19e9b74943d31f16bee47514b094b550
Cache Hit!
endProcessing "de/maltesermailo/tigmod/TIGMod.java"

startProcessing "de/maltesermailo/tigmod/TIGShapedRecipe.java" md5: d445b85847c89624feae213e6dd0d6d5
Cache Hit!
endProcessing "de/maltesermailo/tigmod/TIGShapedRecipe.java"

startProcessing "de/maltesermailo/tigmod/TeleportMessage.java" md5: 2015c064446fd13f9322ad3438611f7a
Cache Hit!
endProcessing "de/maltesermailo/tigmod/TeleportMessage.java"

startProcessing "de/maltesermailo/tigmod/TeleportMessageHandler.java" md5: ff3125c414ce525bf8cd758049a9ed9e
Cache Hit!
endProcessing "de/maltesermailo/tigmod/TeleportMessageHandler.java"

startProcessing "de/maltesermailo/tigmod/commands/TIGModCommands.java" md5: 273ee8fc3f787cd47acfe3446dc6cf4a
endProcessing "de/maltesermailo/tigmod/commands/TIGModCommands.java"

startProcessing "de/maltesermailo/tigmod/gauntlet/EnumStones.java" md5: 5406129761400723a9ffcbb4c7f7ea26
Cache Hit!
endProcessing "de/maltesermailo/tigmod/gauntlet/EnumStones.java"

startProcessing "de/maltesermailo/tigmod/gauntlet/GuiInfinityGauntletInventory.java" md5: 0c8f76413ef3dda7f63531c0d71a022e
Cache Hit!
endProcessing "de/maltesermailo/tigmod/gauntlet/GuiInfinityGauntletInventory.java"

startProcessing "de/maltesermailo/tigmod/gauntlet/InfinityGauntlet.java" md5: b761207e6a0a3266c4130d5b0c3d0e2f
Cache Hit!
endProcessing "de/maltesermailo/tigmod/gauntlet/InfinityGauntlet.java"

startProcessing "de/maltesermailo/tigmod/gauntlet/InfinityGauntletContainer.java" md5: 0510d9131bda8f90d72efd750d42c690
Cache Hit!
endProcessing "de/maltesermailo/tigmod/gauntlet/InfinityGauntletContainer.java"

startProcessing "de/maltesermailo/tigmod/gauntlet/InfinityGauntletInventory.java" md5: 919a3f428a81080db68617cfc38d8543
Cache Hit!
endProcessing "de/maltesermailo/tigmod/gauntlet/InfinityGauntletInventory.java"

startProcessing "de/maltesermailo/tigmod/gauntlet/SlotInfinity.java" md5: 32590500b6d295a12224d19f48493d3d
Cache Hit!
endProcessing "de/maltesermailo/tigmod/gauntlet/SlotInfinity.java"

startProcessing "de/maltesermailo/tigmod/ingredients/ItemCompressedStar.java" md5: 537e8990f98481e1c7d0eadfaabcbcc6
Cache Hit!
endProcessing "de/maltesermailo/tigmod/ingredients/ItemCompressedStar.java"

startProcessing "de/maltesermailo/tigmod/proxy/Proxy.java" md5: 4520e2b0c6441ef28aa7d437ba49d2fc
Cache Hit!
endProcessing "de/maltesermailo/tigmod/proxy/Proxy.java"

startProcessing "de/maltesermailo/tigmod/proxy/ProxyClient.java" md5: b037072b305e6a70ab235ffdc29670a2
Cache Hit!
endProcessing "de/maltesermailo/tigmod/proxy/ProxyClient.java"

startProcessing "de/maltesermailo/tigmod/stones/BasicStone.java" md5: 75ff9148145f689c588ba79f91af054f
Cache Hit!
endProcessing "de/maltesermailo/tigmod/stones/BasicStone.java"

startProcessing "de/maltesermailo/tigmod/stones/EnumPowers.java" md5: e66c72a434a83e1dd00ebfe58188edb7
Cache Hit!
endProcessing "de/maltesermailo/tigmod/stones/EnumPowers.java"

startProcessing "de/maltesermailo/tigmod/stones/InfinityShard.java" md5: 5ef77a9fda0054962abf7e42310b6ecf
Cache Hit!
endProcessing "de/maltesermailo/tigmod/stones/InfinityShard.java"

startProcessing "de/maltesermailo/tigmod/stones/MindStone.java" md5: 572b4ef08b2769197fdc04c7dd861d4f
Cache Hit!
endProcessing "de/maltesermailo/tigmod/stones/MindStone.java"

startProcessing "de/maltesermailo/tigmod/stones/PowerStone.java" md5: b716bb952a6080d7aaec97e6a227a1d4
Cache Hit!
endProcessing "de/maltesermailo/tigmod/stones/PowerStone.java"

startProcessing "de/maltesermailo/tigmod/stones/RealityStone.java" md5: 2f0b36b143bc616f3bca81dab50fa45b
Cache Hit!
endProcessing "de/maltesermailo/tigmod/stones/RealityStone.java"

startProcessing "de/maltesermailo/tigmod/stones/Snap.java" md5: fec2faf90e5c75b4b4ab5b458af2636a
Cache Hit!
endProcessing "de/maltesermailo/tigmod/stones/Snap.java"

startProcessing "de/maltesermailo/tigmod/stones/SoulStone.java" md5: 0ff06dd8a37a6ac317a43cd227f4989c
Cache Hit!
endProcessing "de/maltesermailo/tigmod/stones/SoulStone.java"

startProcessing "de/maltesermailo/tigmod/stones/SpaceStone.java" md5: 6b4a525f1926a34b721aee122d28ce7f
Cache Hit!
endProcessing "de/maltesermailo/tigmod/stones/SpaceStone.java"

startProcessing "de/maltesermailo/tigmod/stones/TimeStone.java" md5: 420707b187d9845b0da99b4796f0a23b
Cache Hit!
endProcessing "de/maltesermailo/tigmod/stones/TimeStone.java"

