INFO  2019-05-23 19:34:30,436 (Saros.java:220) Starting Saros 14.10.31 running:
  Java Version: 11.0.2
  Java Vendor: Oracle Corporation
  Eclipse Runtime Version: 3.15.200.v20190301-1641
  Operating System: Windows 10 (10.0)
  Hardware Architecture: amd64
INFO  2019-05-23 19:34:30,470 (SarosContext.java:153) creating Saros runtime context...
DEBUG 2019-05-23 19:34:30,557 (XMPPAccountStore.java:117) loading accounts from file: C:\Users\Jannik\.saros\config.dat
DEBUG 2019-05-23 19:34:30,706 (XMPPAccountStore.java:176) loaded 1 account(s)
INFO  2019-05-23 19:34:30,884 (SarosContext.java:199) successfully created Saros runtime context
DEBUG 2019-05-23 19:34:30,917 (DataTransferManager.java:467) used transport order for the current XMPP connection: [XMPP-Socks5-Transport, XMPP-IBB-Transport]
INFO  2019-05-23 19:34:30,936 (PreferenceInitializer.java:50) initializing preference default values
DEBUG 2019-05-23 19:34:31,046 (SarosAnnotation.java:117) resetting annotation colors
DEBUG 2019-05-23 19:34:31,232 (Saros.java:430) skipping conversion of old XMPP accounts, because there are already new ones
DEBUG 2019-05-23 19:35:00,576 (WhiteboardManager.java:194) WhiteboardManager instantiated
DEBUG 2019-05-23 19:35:00,608 (DocumentRecord.java:93) Added Node: attr(155863290060568643) name=svg
DEBUG 2019-05-23 19:35:00,832 (XMPPConnectionService.java:439) started Socks5 proxy on port: 7777 [listening on all interfaces]
DEBUG 2019-05-23 19:35:04,083 (XMPPConnectionService.java:459) using autodetected addresses: [192.168.77.1, 169.254.181.9, 192.168.38.1, 192.168.178.20, 2001:16b8:288a:ec00:2130:fb9b:9c0f:28a, 2001:16b8:288a:ec00:6cce:da18:7344:fc39, fe80:0:0:0:2130:fb9b:9c0f:28a%wlan0, fe80:0:0:0:b91d:4084:d9a5:daa2%eth1, fe80:0:0:0:e5e3:781d:d5ae:b509%eth9, fe80:0:0:0:6d7b:3e0a:232a:c09a%eth11]
DEBUG 2019-05-23 19:35:04,120 (XMPPConnectionService.java:398)  new connection state == CONNECTING
DEBUG 2019-05-23 19:35:05,181 (XMPPConnectionService.java:398) maltesermailo@saros-con.imp.fu-berlin.de/Saros new connection state == CONNECTED
DEBUG 2019-05-23 19:35:05,181 (DataTransferManager.java:467) used transport order for the current XMPP connection: [XMPP-Socks5-Transport, XMPP-IBB-Transport]
DEBUG 2019-05-23 19:35:05,184 (SkypeManager.java:289) Refreshing Skype username cache...
ERROR 2019-05-23 19:35:06,511 (StunServiceImpl.java:263) error sending STUN request
java.net.SocketException: Network is unreachable: Datagram send failed
	at java.base/java.net.DualStackPlainDatagramSocketImpl.socketSend(Native Method)
	at java.base/java.net.DualStackPlainDatagramSocketImpl.send(DualStackPlainDatagramSocketImpl.java:136)
	at java.base/java.net.DatagramSocket.send(DatagramSocket.java:695)
	at de.fu_berlin.inf.dpp.net.stun.internal.StunServiceImpl$StunDiscovery$1.run(StunServiceImpl.java:255)
	at java.base/java.lang.Thread.run(Thread.java:834)
ERROR 2019-05-23 19:35:06,511 (StunServiceImpl.java:263) error sending STUN request
java.net.SocketException: Network is unreachable: Datagram send failed
	at java.base/java.net.DualStackPlainDatagramSocketImpl.socketSend(Native Method)
	at java.base/java.net.DualStackPlainDatagramSocketImpl.send(DualStackPlainDatagramSocketImpl.java:136)
	at java.base/java.net.DatagramSocket.send(DatagramSocket.java:695)
	at de.fu_berlin.inf.dpp.net.stun.internal.StunServiceImpl$StunDiscovery$1.run(StunServiceImpl.java:255)
	at java.base/java.lang.Thread.run(Thread.java:834)
ERROR 2019-05-23 19:35:06,511 (StunServiceImpl.java:263) error sending STUN request
java.net.SocketException: Network is unreachable: Datagram send failed
	at java.base/java.net.DualStackPlainDatagramSocketImpl.socketSend(Native Method)
	at java.base/java.net.DualStackPlainDatagramSocketImpl.send(DualStackPlainDatagramSocketImpl.java:136)
	at java.base/java.net.DatagramSocket.send(DatagramSocket.java:695)
	at de.fu_berlin.inf.dpp.net.stun.internal.StunServiceImpl$StunDiscovery$1.run(StunServiceImpl.java:255)
	at java.base/java.lang.Thread.run(Thread.java:834)
WARN  2019-05-23 19:35:21,666 (StunServiceImpl.java:420) received no response from STUN server stunserver.org/67.227.226.240:3478 at local address /169.254.181.9:0
ERROR 2019-05-23 19:35:21,669 (StunServiceImpl.java:155) an error occurred while performing a STUN discovery: ICMP Port Unreachable
java.net.PortUnreachableException: ICMP Port Unreachable
	at java.base/java.net.DualStackPlainDatagramSocketImpl.socketReceiveOrPeekData(Native Method)
	at java.base/java.net.DualStackPlainDatagramSocketImpl.receive0(DualStackPlainDatagramSocketImpl.java:124)
	at java.base/java.net.AbstractPlainDatagramSocketImpl.receive(AbstractPlainDatagramSocketImpl.java:181)
	at java.base/java.net.DatagramSocket.receive(DatagramSocket.java:814)
	at de.fu_berlin.inf.dpp.net.stun.internal.StunServiceImpl$StunDiscovery.performStunDiscovery(StunServiceImpl.java:284)
	at de.fu_berlin.inf.dpp.net.stun.internal.StunServiceImpl$StunDiscovery.run(StunServiceImpl.java:151)
	at java.base/java.lang.Thread.run(Thread.java:834)
WARN  2019-05-23 19:35:21,667 (StunServiceImpl.java:420) received no response from STUN server stunserver.org/67.227.226.240:3478 at local address /192.168.77.1:0
WARN  2019-05-23 19:35:21,667 (StunServiceImpl.java:420) received no response from STUN server stunserver.org/67.227.226.240:3478 at local address /192.168.38.1:0
ERROR 2019-05-23 20:56:17,848 (XMPPConnectionService.java:101) XMPP connection error: 
javax.net.ssl.SSLProtocolException: Connection reset
	at java.base/sun.security.ssl.Alert.createSSLException(Alert.java:126)
	at java.base/sun.security.ssl.TransportContext.fatal(TransportContext.java:321)
	at java.base/sun.security.ssl.TransportContext.fatal(TransportContext.java:264)
	at java.base/sun.security.ssl.TransportContext.fatal(TransportContext.java:259)
	at java.base/sun.security.ssl.SSLSocketImpl.handleException(SSLSocketImpl.java:1314)
	at java.base/sun.security.ssl.SSLSocketImpl$AppInputStream.read(SSLSocketImpl.java:839)
	at java.base/sun.nio.cs.StreamDecoder.readBytes(StreamDecoder.java:284)
	at java.base/sun.nio.cs.StreamDecoder.implRead(StreamDecoder.java:326)
	at java.base/sun.nio.cs.StreamDecoder.read(StreamDecoder.java:178)
	at java.base/java.io.InputStreamReader.read(InputStreamReader.java:185)
	at java.base/java.io.BufferedReader.fill(BufferedReader.java:161)
	at java.base/java.io.BufferedReader.read1(BufferedReader.java:212)
	at java.base/java.io.BufferedReader.read(BufferedReader.java:287)
	at org.xmlpull.mxp1.MXParser.fillBuf(MXParser.java:2992)
	at org.xmlpull.mxp1.MXParser.more(MXParser.java:3046)
	at org.xmlpull.mxp1.MXParser.nextImpl(MXParser.java:1144)
	at org.xmlpull.mxp1.MXParser.next(MXParser.java:1093)
	at org.jivesoftware.smack.PacketReader.parsePackets(PacketReader.java:312)
	at org.jivesoftware.smack.PacketReader.access$000(PacketReader.java:48)
	at org.jivesoftware.smack.PacketReader$1.run(PacketReader.java:76)
Caused by: java.net.SocketException: Connection reset
	at java.base/java.net.SocketInputStream.read(SocketInputStream.java:186)
	at java.base/java.net.SocketInputStream.read(SocketInputStream.java:140)
	at java.base/sun.security.ssl.SSLSocketInputRecord.read(SSLSocketInputRecord.java:448)
	at java.base/sun.security.ssl.SSLSocketInputRecord.bytesInCompletePacket(SSLSocketInputRecord.java:68)
	at java.base/sun.security.ssl.SSLSocketImpl.readApplicationRecord(SSLSocketImpl.java:1104)
	at java.base/sun.security.ssl.SSLSocketImpl$AppInputStream.read(SSLSocketImpl.java:823)
	... 14 more
ERROR 2019-05-23 20:56:17,941 (XMPPConnectionService.java:400)  new connection state == ERROR
javax.net.ssl.SSLProtocolException: Connection reset
	at java.base/sun.security.ssl.Alert.createSSLException(Alert.java:126)
	at java.base/sun.security.ssl.TransportContext.fatal(TransportContext.java:321)
	at java.base/sun.security.ssl.TransportContext.fatal(TransportContext.java:264)
	at java.base/sun.security.ssl.TransportContext.fatal(TransportContext.java:259)
	at java.base/sun.security.ssl.SSLSocketImpl.handleException(SSLSocketImpl.java:1314)
	at java.base/sun.security.ssl.SSLSocketImpl$AppInputStream.read(SSLSocketImpl.java:839)
	at java.base/sun.nio.cs.StreamDecoder.readBytes(StreamDecoder.java:284)
	at java.base/sun.nio.cs.StreamDecoder.implRead(StreamDecoder.java:326)
	at java.base/sun.nio.cs.StreamDecoder.read(StreamDecoder.java:178)
	at java.base/java.io.InputStreamReader.read(InputStreamReader.java:185)
	at java.base/java.io.BufferedReader.fill(BufferedReader.java:161)
	at java.base/java.io.BufferedReader.read1(BufferedReader.java:212)
	at java.base/java.io.BufferedReader.read(BufferedReader.java:287)
	at org.xmlpull.mxp1.MXParser.fillBuf(MXParser.java:2992)
	at org.xmlpull.mxp1.MXParser.more(MXParser.java:3046)
	at org.xmlpull.mxp1.MXParser.nextImpl(MXParser.java:1144)
	at org.xmlpull.mxp1.MXParser.next(MXParser.java:1093)
	at org.jivesoftware.smack.PacketReader.parsePackets(PacketReader.java:312)
	at org.jivesoftware.smack.PacketReader.access$000(PacketReader.java:48)
	at org.jivesoftware.smack.PacketReader$1.run(PacketReader.java:76)
Caused by: java.net.SocketException: Connection reset
	at java.base/java.net.SocketInputStream.read(SocketInputStream.java:186)
	at java.base/java.net.SocketInputStream.read(SocketInputStream.java:140)
	at java.base/sun.security.ssl.SSLSocketInputRecord.read(SSLSocketInputRecord.java:448)
	at java.base/sun.security.ssl.SSLSocketInputRecord.bytesInCompletePacket(SSLSocketInputRecord.java:68)
	at java.base/sun.security.ssl.SSLSocketImpl.readApplicationRecord(SSLSocketImpl.java:1104)
	at java.base/sun.security.ssl.SSLSocketImpl$AppInputStream.read(SSLSocketImpl.java:823)
	... 14 more
DEBUG 2019-05-23 20:56:17,970 (XMPPConnectionService.java:398)  new connection state == NOT_CONNECTED
DEBUG 2019-05-23 21:04:20,444 (SharedDocumentProvider.java:77) SharedDocumentProvider created by Eclipse
DEBUG 2019-05-23 22:32:45,298 (UPnPServiceImpl.java:295) deleting existing port mappings
